<?xml version="1.0" encoding="UTF-8"?>
<!-- Generated by org.testng.reporters.JUnitReportReporter -->
<testsuite hostname="AdarshEM-PC" name="com.ztest.testcases.NewTest" tests="1" failures="0" timestamp="18 Dec 2015 09:00:12 GMT" time="0.010" errors="0">
  <testcase name="f" time="0.010" classname="com.ztest.testcases.NewTest"/>
</testsuite> <!-- com.ztest.testcases.NewTest -->
